<?xml version="1.0" encoding="UTF-8"?>
<!-- Generated by org.testng.reporters.JUnitXMLReporter -->
<testsuite hostname="Amarendra" name="PatientAppoitnment1" tests="4" failures="1" timestamp="12 Oct 2020 02:58:01 GMT" time="32.393" errors="0">
  <testcase name="@AfterTest afterTest" time="0.0" classname="com.heyprescribe.testcase.PatientAppoitnmentTest">
    <failure type="org.openqa.selenium.NoSuchSessionException" message="Tried to run command without establishing a connection
Build info: version: &amp;apos;3.141.59&amp;apos;, revision: &amp;apos;e82be7d358&amp;apos;, time: &amp;apos;2018-11-14T08:17:03&amp;apos;
System info: host: &amp;apos;AMARENDRA&amp;apos;, ip: &amp;apos;192.168.144.6&amp;apos;, os.name: &amp;apos;Windows 10&amp;apos;, os.arch: &amp;apos;amd64&amp;apos;, os.version: &amp;apos;10.0&amp;apos;, java.version: &amp;apos;1.8.0_121&amp;apos;
Driver info: org.openqa.selenium.firefox.FirefoxDriver
Capabilities {acceptInsecureCerts: true, browserName: firefox, browserVersion: 81.0.1, javascriptEnabled: true, moz:accessibilityChecks: false, moz:buildID: 20200930150533, moz:geckodriverVersion: 0.27.0, moz:headless: false, moz:processID: 7780, moz:profile: C:\Users\amarendra.singh\Ap..., moz:shutdownTimeout: 60000, moz:useNonSpecCompliantPointerOrigin: false, moz:webdriverClick: true, pageLoadStrategy: normal, platform: WINDOWS, platformName: WINDOWS, platformVersion: 10.0, rotatable: false, setWindowRect: true, strictFileInteractability: false, timeouts: {implicit: 0, pageLoad: 300000, script: 30000}, unhandledPromptBehavior: dismiss and notify}
Session ID: 64f13aa7-30b3-4943-ba50-509438565347">
      <![CDATA[org.openqa.selenium.NoSuchSessionException: Tried to run command without establishing a connection
Build info: version: '3.141.59', revision: 'e82be7d358', time: '2018-11-14T08:17:03'
System info: host: 'AMARENDRA', ip: '192.168.144.6', os.name: 'Windows 10', os.arch: 'amd64', os.version: '10.0', java.version: '1.8.0_121'
Driver info: org.openqa.selenium.firefox.FirefoxDriver
Capabilities {acceptInsecureCerts: true, browserName: firefox, browserVersion: 81.0.1, javascriptEnabled: true, moz:accessibilityChecks: false, moz:buildID: 20200930150533, moz:geckodriverVersion: 0.27.0, moz:headless: false, moz:processID: 7780, moz:profile: C:\Users\amarendra.singh\Ap..., moz:shutdownTimeout: 60000, moz:useNonSpecCompliantPointerOrigin: false, moz:webdriverClick: true, pageLoadStrategy: normal, platform: WINDOWS, platformName: WINDOWS, platformVersion: 10.0, rotatable: false, setWindowRect: true, strictFileInteractability: false, timeouts: {implicit: 0, pageLoad: 300000, script: 30000}, unhandledPromptBehavior: dismiss and notify}
Session ID: 64f13aa7-30b3-4943-ba50-509438565347
	at org.openqa.selenium.remote.http.W3CHttpResponseCodec.createException(W3CHttpResponseCodec.java:187)
	at org.openqa.selenium.remote.http.W3CHttpResponseCodec.decode(W3CHttpResponseCodec.java:122)
	at org.openqa.selenium.remote.http.W3CHttpResponseCodec.decode(W3CHttpResponseCodec.java:49)
	at org.openqa.selenium.remote.HttpCommandExecutor.execute(HttpCommandExecutor.java:158)
	at org.openqa.selenium.remote.service.DriverCommandExecutor.execute(DriverCommandExecutor.java:83)
	at org.openqa.selenium.remote.RemoteWebDriver.execute(RemoteWebDriver.java:552)
	at org.openqa.selenium.remote.RemoteWebDriver.execute(RemoteWebDriver.java:609)
	at org.openqa.selenium.remote.RemoteWebDriver.close(RemoteWebDriver.java:442)
	at com.heyprescribe.base.BasePage.tearDown(BasePage.java:89)
	at com.heyprescribe.testcase.PatientAppoitnmentTest.afterTest(PatientAppoitnmentTest.java:210)
	at java.util.concurrent.FutureTask.run(FutureTask.java:266)
	at java.util.concurrent.ThreadPoolExecutor.runWorker(ThreadPoolExecutor.java:1142)
	at java.util.concurrent.ThreadPoolExecutor$Worker.run(ThreadPoolExecutor.java:617)
	at java.lang.Thread.run(Thread.java:745)
... Removed 18 stack frames]]>
    </failure>
  </testcase> <!-- @AfterTest afterTest -->
  <testcase name="verifythePatientDashboard" time="13.032" classname="com.heyprescribe.testcase.PatientAppoitnmentTest"/>
  <testcase name="verifyPatientIsAbleToBookTheAppoitnment" time="9.534" classname="com.heyprescribe.testcase.PatientAppoitnmentTest">
    <failure type="org.openqa.selenium.NoSuchSessionException" message="Tried to run command without establishing a connection
Build info: version: &amp;apos;3.141.59&amp;apos;, revision: &amp;apos;e82be7d358&amp;apos;, time: &amp;apos;2018-11-14T08:17:03&amp;apos;
System info: host: &amp;apos;AMARENDRA&amp;apos;, ip: &amp;apos;192.168.144.6&amp;apos;, os.name: &amp;apos;Windows 10&amp;apos;, os.arch: &amp;apos;amd64&amp;apos;, os.version: &amp;apos;10.0&amp;apos;, java.version: &amp;apos;1.8.0_121&amp;apos;
Driver info: org.openqa.selenium.firefox.FirefoxDriver
Capabilities {acceptInsecureCerts: true, browserName: firefox, browserVersion: 81.0.1, javascriptEnabled: true, moz:accessibilityChecks: false, moz:buildID: 20200930150533, moz:geckodriverVersion: 0.27.0, moz:headless: false, moz:processID: 7780, moz:profile: C:\Users\amarendra.singh\Ap..., moz:shutdownTimeout: 60000, moz:useNonSpecCompliantPointerOrigin: false, moz:webdriverClick: true, pageLoadStrategy: normal, platform: WINDOWS, platformName: WINDOWS, platformVersion: 10.0, rotatable: false, setWindowRect: true, strictFileInteractability: false, timeouts: {implicit: 0, pageLoad: 300000, script: 30000}, unhandledPromptBehavior: dismiss and notify}
Session ID: 64f13aa7-30b3-4943-ba50-509438565347
*** Element info: {Using=class name, value=pay-text}">
      <![CDATA[org.openqa.selenium.NoSuchSessionException: Tried to run command without establishing a connection
Build info: version: '3.141.59', revision: 'e82be7d358', time: '2018-11-14T08:17:03'
System info: host: 'AMARENDRA', ip: '192.168.144.6', os.name: 'Windows 10', os.arch: 'amd64', os.version: '10.0', java.version: '1.8.0_121'
Driver info: org.openqa.selenium.firefox.FirefoxDriver
Capabilities {acceptInsecureCerts: true, browserName: firefox, browserVersion: 81.0.1, javascriptEnabled: true, moz:accessibilityChecks: false, moz:buildID: 20200930150533, moz:geckodriverVersion: 0.27.0, moz:headless: false, moz:processID: 7780, moz:profile: C:\Users\amarendra.singh\Ap..., moz:shutdownTimeout: 60000, moz:useNonSpecCompliantPointerOrigin: false, moz:webdriverClick: true, pageLoadStrategy: normal, platform: WINDOWS, platformName: WINDOWS, platformVersion: 10.0, rotatable: false, setWindowRect: true, strictFileInteractability: false, timeouts: {implicit: 0, pageLoad: 300000, script: 30000}, unhandledPromptBehavior: dismiss and notify}
Session ID: 64f13aa7-30b3-4943-ba50-509438565347
*** Element info: {Using=class name, value=pay-text}
	at org.openqa.selenium.remote.http.W3CHttpResponseCodec.createException(W3CHttpResponseCodec.java:187)
	at org.openqa.selenium.remote.http.W3CHttpResponseCodec.decode(W3CHttpResponseCodec.java:122)
	at org.openqa.selenium.remote.http.W3CHttpResponseCodec.decode(W3CHttpResponseCodec.java:49)
	at org.openqa.selenium.remote.HttpCommandExecutor.execute(HttpCommandExecutor.java:158)
	at org.openqa.selenium.remote.service.DriverCommandExecutor.execute(DriverCommandExecutor.java:83)
	at org.openqa.selenium.remote.RemoteWebDriver.execute(RemoteWebDriver.java:552)
	at org.openqa.selenium.remote.RemoteWebDriver.findElement(RemoteWebDriver.java:323)
	at org.openqa.selenium.remote.RemoteWebDriver.findElementByClassName(RemoteWebDriver.java:412)
	at org.openqa.selenium.By$ByClassName.findElement(By.java:389)
	at org.openqa.selenium.remote.RemoteWebDriver.findElement(RemoteWebDriver.java:315)
	at org.openqa.selenium.support.ui.ExpectedConditions$7.apply(ExpectedConditions.java:205)
	at org.openqa.selenium.support.ui.ExpectedConditions$7.apply(ExpectedConditions.java:201)
	at org.openqa.selenium.support.ui.FluentWait.until(FluentWait.java:249)
	at com.heyprescribe.utill.WebDriverExtension.waitForElementVisible(WebDriverExtension.java:26)
	at com.heyprescribe.page.AppoitnmentConfirmation.confirmationMesage(AppoitnmentConfirmation.java:25)
	at com.heyprescribe.testcase.PatientAppoitnmentTest.verifyPatientIsAbleToBookTheAppoitnment(PatientAppoitnmentTest.java:56)
	at java.util.concurrent.FutureTask.run(FutureTask.java:266)
	at java.util.concurrent.ThreadPoolExecutor.runWorker(ThreadPoolExecutor.java:1142)
	at java.util.concurrent.ThreadPoolExecutor$Worker.run(ThreadPoolExecutor.java:617)
	at java.lang.Thread.run(Thread.java:745)
... Removed 20 stack frames]]>
    </failure>
  </testcase> <!-- verifyPatientIsAbleToBookTheAppoitnment -->
  <testcase name="verifyThePatientInformationOnAppoitnmentConfirmationPage" time="0.0" classname="com.heyprescribe.testcase.PatientAppoitnmentTest">
    <skipped/>
  </testcase> <!-- verifyThePatientInformationOnAppoitnmentConfirmationPage -->
  <testcase name="verifyTheDoctorNameOnAppoitnmentConfirmationpage" time="0.0" classname="com.heyprescribe.testcase.PatientAppoitnmentTest">
    <skipped/>
  </testcase> <!-- verifyTheDoctorNameOnAppoitnmentConfirmationpage -->
</testsuite> <!-- PatientAppoitnment1 -->
