<?xml version="1.0" encoding="UTF-8"?>
<!-- Generated by org.testng.reporters.JUnitXMLReporter -->
<testsuite hostname="Amarendra" name="PatientAppoitnment" tests="6" failures="0" timestamp="4 Nov 2020 07:13:30 GMT" time="93.768" errors="0">
  <testcase name="verifytheAdminLoginFunctionality" time="29.226" classname="com.heyprescribe.testcase.EditSlotsTest"/>
  <testcase name="verifyTheAdminPageAfterDeletingSession" time="6.262" classname="com.heyprescribe.testcase.EditSlotsTest"/>
  <testcase name="verifyAppointmentDateWhenDoctorIsOnLeaveOnDayOne" time="9.908" classname="com.heyprescribe.testcase.EditSlotsTest"/>
  <testcase name="verifyTheAdminPageAfterUpdatingSession" time="8.278" classname="com.heyprescribe.testcase.EditSlotsTest"/>
  <testcase name="verifyAppointmentDateWhenDoctorIsOnLeaveOnMidWeek" time="15.511" classname="com.heyprescribe.testcase.EditSlotsTest"/>
  <testcase name="verifyAppointmentDateWhenDoctorIsOnLeaveOnWeekLastDate" time="14.304" classname="com.heyprescribe.testcase.EditSlotsTest"/>
</testsuite> <!-- PatientAppoitnment -->
