<?xml version="1.0" encoding="UTF-8"?>
<!-- Generated by org.testng.reporters.JUnitXMLReporter -->
<testsuite hostname="Amarendra" name="PatientAppoitnmentfirefox" tests="21" failures="1" timestamp="4 Nov 2020 04:57:15 GMT" time="59.267" errors="0">
  <testcase name="verifythePatientDashboard" time="21.959" classname="com.heyprescribe.testcase.PatientAppoitnmentTest"/>
  <testcase name="verifyPatientIsAbleToBookTheAppoitnment" time="26.837" classname="com.heyprescribe.testcase.PatientAppoitnmentTest">
    <failure type="org.openqa.selenium.TimeoutException" message="Expected condition failed: waiting for visibility of element located by By.className: pay-text (tried for 20 second(s) with 500 milliseconds interval)">
      <![CDATA[org.openqa.selenium.TimeoutException: Expected condition failed: waiting for visibility of element located by By.className: pay-text (tried for 20 second(s) with 500 milliseconds interval)
	at org.openqa.selenium.support.ui.WebDriverWait.timeoutException(WebDriverWait.java:95)
	at org.openqa.selenium.support.ui.FluentWait.until(FluentWait.java:272)
	at com.heyprescribe.utill.WebDriverExtension.waitForElementVisible(WebDriverExtension.java:26)
	at com.heyprescribe.page.AppoitnmentConfirmation.confirmationMesage(AppoitnmentConfirmation.java:25)
	at com.heyprescribe.testcase.PatientAppoitnmentTest.verifyPatientIsAbleToBookTheAppoitnment(PatientAppoitnmentTest.java:59)
	at java.util.concurrent.FutureTask.run(FutureTask.java:266)
	at java.util.concurrent.ThreadPoolExecutor.runWorker(ThreadPoolExecutor.java:1142)
	at java.util.concurrent.ThreadPoolExecutor$Worker.run(ThreadPoolExecutor.java:617)
	at java.lang.Thread.run(Thread.java:745)
Caused by: org.openqa.selenium.NoSuchElementException: Unable to locate element: .pay\-text
For documentation on this error, please visit: https://www.seleniumhq.org/exceptions/no_such_element.html
Build info: version: '3.141.59', revision: 'e82be7d358', time: '2018-11-14T08:17:03'
System info: host: 'AMARENDRA', ip: '192.168.144.7', os.name: 'Windows 10', os.arch: 'amd64', os.version: '10.0', java.version: '1.8.0_121'
Driver info: org.openqa.selenium.firefox.FirefoxDriver
Capabilities {acceptInsecureCerts: true, browserName: firefox, browserVersion: 81.0.1, javascriptEnabled: true, moz:accessibilityChecks: false, moz:buildID: 20200930150533, moz:geckodriverVersion: 0.27.0, moz:headless: false, moz:processID: 33460, moz:profile: C:\Users\amarendra.singh\Ap..., moz:shutdownTimeout: 60000, moz:useNonSpecCompliantPointerOrigin: false, moz:webdriverClick: true, pageLoadStrategy: normal, platform: WINDOWS, platformName: WINDOWS, platformVersion: 10.0, rotatable: false, setWindowRect: true, strictFileInteractability: false, timeouts: {implicit: 0, pageLoad: 300000, script: 30000}, unhandledPromptBehavior: dismiss and notify}
Session ID: d346b141-97fb-4a07-81d0-4b8a0f5c440a
*** Element info: {Using=class name, value=pay-text}
	at org.openqa.selenium.remote.http.W3CHttpResponseCodec.createException(W3CHttpResponseCodec.java:187)
	at org.openqa.selenium.remote.http.W3CHttpResponseCodec.decode(W3CHttpResponseCodec.java:122)
	at org.openqa.selenium.remote.http.W3CHttpResponseCodec.decode(W3CHttpResponseCodec.java:49)
	at org.openqa.selenium.remote.HttpCommandExecutor.execute(HttpCommandExecutor.java:158)
	at org.openqa.selenium.remote.service.DriverCommandExecutor.execute(DriverCommandExecutor.java:83)
	at org.openqa.selenium.remote.RemoteWebDriver.execute(RemoteWebDriver.java:552)
	at org.openqa.selenium.remote.RemoteWebDriver.findElement(RemoteWebDriver.java:323)
	at org.openqa.selenium.remote.RemoteWebDriver.findElementByClassName(RemoteWebDriver.java:412)
	at org.openqa.selenium.By$ByClassName.findElement(By.java:389)
	at org.openqa.selenium.remote.RemoteWebDriver.findElement(RemoteWebDriver.java:315)
	at org.openqa.selenium.support.ui.ExpectedConditions$7.apply(ExpectedConditions.java:205)
	at org.openqa.selenium.support.ui.ExpectedConditions$7.apply(ExpectedConditions.java:201)
	at org.openqa.selenium.support.ui.FluentWait.until(FluentWait.java:249)
	... 23 more
... Removed 19 stack frames]]>
    </failure>
  </testcase> <!-- verifyPatientIsAbleToBookTheAppoitnment -->
  <testcase name="verifyThePatientInformationOnAppoitnmentConfirmationPage" time="0.0" classname="com.heyprescribe.testcase.PatientAppoitnmentTest">
    <skipped/>
  </testcase> <!-- verifyThePatientInformationOnAppoitnmentConfirmationPage -->
  <testcase name="verifyTheDoctorNameOnAppoitnmentConfirmationpage" time="0.0" classname="com.heyprescribe.testcase.PatientAppoitnmentTest">
    <skipped/>
  </testcase> <!-- verifyTheDoctorNameOnAppoitnmentConfirmationpage -->
  <testcase name="verifyTheDateAndSlotOnAppointmentConfirmationPage" time="0.0" classname="com.heyprescribe.testcase.PatientAppoitnmentTest">
    <skipped/>
  </testcase> <!-- verifyTheDateAndSlotOnAppointmentConfirmationPage -->
  <testcase name="verifyTheVideoLinkOnAppointmentConfirmationPage" time="0.0" classname="com.heyprescribe.testcase.PatientAppoitnmentTest">
    <skipped/>
  </testcase> <!-- verifyTheVideoLinkOnAppointmentConfirmationPage -->
  <testcase name="verifyTheUploadedFileOnAppointmentConfirmationPage" time="0.0" classname="com.heyprescribe.testcase.PatientAppoitnmentTest">
    <skipped/>
  </testcase> <!-- verifyTheUploadedFileOnAppointmentConfirmationPage -->
  <testcase name="verifyTheSucesMsgAfterUploadingTheFile" time="0.0" classname="com.heyprescribe.testcase.PatientAppoitnmentTest">
    <skipped/>
  </testcase> <!-- verifyTheSucesMsgAfterUploadingTheFile -->
  <testcase name="verifyTheEmailConfirmationOnGmail" time="0.0" classname="com.heyprescribe.testcase.PatientAppoitnmentTest">
    <skipped/>
  </testcase> <!-- verifyTheEmailConfirmationOnGmail -->
  <testcase name="verifyThePrescribeLogin" time="0.0" classname="com.heyprescribe.testcase.PatientAppoitnmentTest">
    <skipped/>
  </testcase> <!-- verifyThePrescribeLogin -->
  <testcase name="verifyThePatientAppointmenOnAllAppointmenPage" time="0.0" classname="com.heyprescribe.testcase.PatientAppoitnmentTest">
    <skipped/>
  </testcase> <!-- verifyThePatientAppointmenOnAllAppointmenPage -->
  <testcase name="verifyTheConnectToVideoPopUpOnPrescribePage" time="0.0" classname="com.heyprescribe.testcase.PatientAppoitnmentTest">
    <skipped/>
  </testcase> <!-- verifyTheConnectToVideoPopUpOnPrescribePage -->
  <testcase name="verifyThePatientDetailOnPrescribePage" time="0.0" classname="com.heyprescribe.testcase.PatientAppoitnmentTest">
    <skipped/>
  </testcase> <!-- verifyThePatientDetailOnPrescribePage -->
  <testcase name="verifyThePatientUploadedPrescriptionFile" time="0.0" classname="com.heyprescribe.testcase.PatientAppoitnmentTest">
    <skipped/>
  </testcase> <!-- verifyThePatientUploadedPrescriptionFile -->
  <testcase name="saveThePhysicianPrescription" time="0.0" classname="com.heyprescribe.testcase.PatientAppoitnmentTest">
    <skipped/>
  </testcase> <!-- saveThePhysicianPrescription -->
  <testcase name="verifyThePrescriptionReport" time="0.0" classname="com.heyprescribe.testcase.PatientAppoitnmentTest">
    <skipped/>
  </testcase> <!-- verifyThePrescriptionReport -->
  <testcase name="verifyTheGeneratePrescriptionReportFunctionality" time="0.0" classname="com.heyprescribe.testcase.PatientAppoitnmentTest">
    <skipped/>
  </testcase> <!-- verifyTheGeneratePrescriptionReportFunctionality -->
  <testcase name="verifyThePrescriptionReportDownloadLink" time="0.0" classname="com.heyprescribe.testcase.PatientAppoitnmentTest">
    <skipped/>
  </testcase> <!-- verifyThePrescriptionReportDownloadLink -->
  <testcase name="verifyThePatientDetailOnPdfFile" time="0.0" classname="com.heyprescribe.testcase.PatientAppoitnmentTest">
    <skipped/>
  </testcase> <!-- verifyThePatientDetailOnPdfFile -->
  <testcase name="verifyThePrescriptionDetailOnPdfFile" time="0.0" classname="com.heyprescribe.testcase.PatientAppoitnmentTest">
    <skipped/>
  </testcase> <!-- verifyThePrescriptionDetailOnPdfFile -->
  <testcase name="verifyTheStatusAfterGeneratingThePrescription" time="0.0" classname="com.heyprescribe.testcase.PatientAppoitnmentTest">
    <skipped/>
  </testcase> <!-- verifyTheStatusAfterGeneratingThePrescription -->
</testsuite> <!-- PatientAppoitnmentfirefox -->
