<?xml version="1.0" encoding="UTF-8"?>
<!-- Generated by org.testng.reporters.JUnitXMLReporter -->
<testsuite hostname="Amarendra" name="Default test" tests="18" failures="0" timestamp="12 Oct 2020 17:44:47 GMT" time="0.128" errors="0">
  <testcase name="@BeforeTest beforeTest" time="0.0" classname="com.heyprescribe.testcase.PatientAppoitnmentTest">
    <failure type="org.testng.TestNGException" message="
Parameter &amp;apos;browser&amp;apos; is required by @Configuration on method beforeTest but has not been marked @Optional or defined
in C:\Users\amarendra.singh\AppData\Local\Temp\testng-eclipse-1628653292\testng-customsuite.xml">
      <![CDATA[org.testng.TestNGException: 
Parameter 'browser' is required by @Configuration on method beforeTest but has not been marked @Optional or defined
in C:\Users\amarendra.singh\AppData\Local\Temp\testng-eclipse-1628653292\testng-customsuite.xml
	at org.testng.internal.Parameters.createParameters(Parameters.java:154)
	at org.testng.internal.Parameters.createParameters(Parameters.java:361)
	at org.testng.internal.Parameters.createConfigurationParameters(Parameters.java:84)
	at org.testng.internal.Invoker.invokeConfigurations(Invoker.java:197)
	at org.testng.internal.Invoker.invokeConfigurations(Invoker.java:138)
	at org.testng.TestRunner.beforeRun(TestRunner.java:648)
	at org.testng.TestRunner.run(TestRunner.java:616)
	at org.testng.SuiteRunner.runTest(SuiteRunner.java:359)
	at org.testng.SuiteRunner.runSequentially(SuiteRunner.java:354)
	at org.testng.SuiteRunner.privateRun(SuiteRunner.java:312)
	at org.testng.SuiteRunner.run(SuiteRunner.java:261)
	at org.testng.SuiteRunnerWorker.runSuite(SuiteRunnerWorker.java:52)
	at org.testng.SuiteRunnerWorker.run(SuiteRunnerWorker.java:86)
	at org.testng.TestNG.runSuitesSequentially(TestNG.java:1191)
	at org.testng.TestNG.runSuitesLocally(TestNG.java:1116)
	at org.testng.TestNG.run(TestNG.java:1024)
	at org.testng.remote.AbstractRemoteTestNG.run(AbstractRemoteTestNG.java:126)
	at org.testng.remote.RemoteTestNG.initAndRun(RemoteTestNG.java:137)
	at org.testng.remote.RemoteTestNG.main(RemoteTestNG.java:58)
]]>
    </failure>
  </testcase> <!-- @BeforeTest beforeTest -->
  <testcase name="@AfterTest afterTest" time="0.0" classname="com.heyprescribe.testcase.PatientAppoitnmentTest">
    <skipped/>
  </testcase> <!-- @AfterTest afterTest -->
  <testcase name="verifythePatientDashboard" time="0.008" classname="com.heyprescribe.testcase.PatientAppoitnmentTest">
    <skipped/>
  </testcase> <!-- verifythePatientDashboard -->
  <testcase name="verifyPatientIsAbleToBookTheAppoitnment" time="0.0" classname="com.heyprescribe.testcase.PatientAppoitnmentTest">
    <skipped/>
  </testcase> <!-- verifyPatientIsAbleToBookTheAppoitnment -->
  <testcase name="verifyThePatientInformationOnAppoitnmentConfirmationPage" time="0.0" classname="com.heyprescribe.testcase.PatientAppoitnmentTest">
    <skipped/>
  </testcase> <!-- verifyThePatientInformationOnAppoitnmentConfirmationPage -->
  <testcase name="verifyTheDoctorNameOnAppoitnmentConfirmationpage" time="0.0" classname="com.heyprescribe.testcase.PatientAppoitnmentTest">
    <skipped/>
  </testcase> <!-- verifyTheDoctorNameOnAppoitnmentConfirmationpage -->
  <testcase name="verifyTheDateAndSlotOnAppointmentConfirmationPage" time="0.0" classname="com.heyprescribe.testcase.PatientAppoitnmentTest">
    <skipped/>
  </testcase> <!-- verifyTheDateAndSlotOnAppointmentConfirmationPage -->
  <testcase name="verifyTheVideoLinkOnAppointmentConfirmationPage" time="0.0" classname="com.heyprescribe.testcase.PatientAppoitnmentTest">
    <skipped/>
  </testcase> <!-- verifyTheVideoLinkOnAppointmentConfirmationPage -->
  <testcase name="verifyTheUploadedFileOnAppointmentConfirmationPage" time="0.0" classname="com.heyprescribe.testcase.PatientAppoitnmentTest">
    <skipped/>
  </testcase> <!-- verifyTheUploadedFileOnAppointmentConfirmationPage -->
  <testcase name="verifyTheSucesMsgAfterUploadingTheFile" time="0.0" classname="com.heyprescribe.testcase.PatientAppoitnmentTest">
    <skipped/>
  </testcase> <!-- verifyTheSucesMsgAfterUploadingTheFile -->
  <testcase name="verifyThePrescribeLogin" time="0.0" classname="com.heyprescribe.testcase.PatientAppoitnmentTest">
    <skipped/>
  </testcase> <!-- verifyThePrescribeLogin -->
  <testcase name="verifyThePatientAppointmenOnAllAppointmenPage" time="0.0" classname="com.heyprescribe.testcase.PatientAppoitnmentTest">
    <skipped/>
  </testcase> <!-- verifyThePatientAppointmenOnAllAppointmenPage -->
  <testcase name="verifyTheConnectToVideoPopUpOnPrescribePage" time="0.0" classname="com.heyprescribe.testcase.PatientAppoitnmentTest">
    <skipped/>
  </testcase> <!-- verifyTheConnectToVideoPopUpOnPrescribePage -->
  <testcase name="verifyThePatientDetailOnPrescribePage" time="0.0" classname="com.heyprescribe.testcase.PatientAppoitnmentTest">
    <skipped/>
  </testcase> <!-- verifyThePatientDetailOnPrescribePage -->
  <testcase name="verifyThePatientUploadedPrescriptionFile" time="0.0" classname="com.heyprescribe.testcase.PatientAppoitnmentTest">
    <skipped/>
  </testcase> <!-- verifyThePatientUploadedPrescriptionFile -->
  <testcase name="saveThePhysicianPrescription" time="0.0" classname="com.heyprescribe.testcase.PatientAppoitnmentTest">
    <skipped/>
  </testcase> <!-- saveThePhysicianPrescription -->
  <testcase name="verifyThePrescriptionReport" time="0.0" classname="com.heyprescribe.testcase.PatientAppoitnmentTest">
    <skipped/>
  </testcase> <!-- verifyThePrescriptionReport -->
  <testcase name="verifyTheGeneratePrescriptionReportFunctionality" time="0.0" classname="com.heyprescribe.testcase.PatientAppoitnmentTest">
    <skipped/>
  </testcase> <!-- verifyTheGeneratePrescriptionReportFunctionality -->
  <testcase name="verifyThePrescriptionReportDownloadLink" time="0.0" classname="com.heyprescribe.testcase.PatientAppoitnmentTest">
    <skipped/>
  </testcase> <!-- verifyThePrescriptionReportDownloadLink -->
  <testcase name="verifyTheStatusAfterGeneratingThePrescription" time="0.0" classname="com.heyprescribe.testcase.PatientAppoitnmentTest">
    <skipped/>
  </testcase> <!-- verifyTheStatusAfterGeneratingThePrescription -->
</testsuite> <!-- Default test -->
