<?xml version="1.0" encoding="UTF-8"?>
<testng-results skipped="0" failed="0" total="6" passed="6">
  <reporter-output>
  </reporter-output>
  <suite name="Prescribe" duration-ms="93768" started-at="2020-11-04T07:11:56Z" finished-at="2020-11-04T07:13:30Z">
    <groups>
    </groups>
    <test name="PatientAppoitnment" duration-ms="93768" started-at="2020-11-04T07:11:56Z" finished-at="2020-11-04T07:13:30Z">
      <class name="com.heyprescribe.testcase.EditSlotsTest">
        <test-method status="PASS" signature="beforeTest(java.lang.String)[pri:0, instance:com.heyprescribe.testcase.EditSlotsTest@6dde5c8c]" name="beforeTest" is-config="true" duration-ms="9128" started-at="2020-11-04T12:41:56Z" finished-at="2020-11-04T12:42:05Z">
          <params>
            <param index="0">
              <value>
                <![CDATA[chrome]]>
              </value>
            </param>
          </params>
          <reporter-output>
          </reporter-output>
        </test-method> <!-- beforeTest -->
        <test-method status="PASS" signature="verifytheAdminLoginFunctionality()[pri:1, instance:com.heyprescribe.testcase.EditSlotsTest@6dde5c8c]" name="verifytheAdminLoginFunctionality" duration-ms="29226" started-at="2020-11-04T12:42:05Z" finished-at="2020-11-04T12:42:34Z">
          <reporter-output>
          </reporter-output>
        </test-method> <!-- verifytheAdminLoginFunctionality -->
        <test-method status="PASS" signature="verifyTheAdminPageAfterDeletingSession()[pri:2, instance:com.heyprescribe.testcase.EditSlotsTest@6dde5c8c]" name="verifyTheAdminPageAfterDeletingSession" duration-ms="6262" started-at="2020-11-04T12:42:35Z" finished-at="2020-11-04T12:42:41Z">
          <reporter-output>
          </reporter-output>
        </test-method> <!-- verifyTheAdminPageAfterDeletingSession -->
        <test-method status="PASS" signature="verifyAppointmentDateWhenDoctorIsOnLeaveOnDayOne()[pri:3, instance:com.heyprescribe.testcase.EditSlotsTest@6dde5c8c]" name="verifyAppointmentDateWhenDoctorIsOnLeaveOnDayOne" duration-ms="9908" started-at="2020-11-04T12:42:41Z" finished-at="2020-11-04T12:42:51Z">
          <reporter-output>
          </reporter-output>
        </test-method> <!-- verifyAppointmentDateWhenDoctorIsOnLeaveOnDayOne -->
        <test-method status="PASS" signature="verifyTheAdminPageAfterUpdatingSession()[pri:4, instance:com.heyprescribe.testcase.EditSlotsTest@6dde5c8c]" name="verifyTheAdminPageAfterUpdatingSession" duration-ms="8278" started-at="2020-11-04T12:42:51Z" finished-at="2020-11-04T12:42:59Z">
          <reporter-output>
          </reporter-output>
        </test-method> <!-- verifyTheAdminPageAfterUpdatingSession -->
        <test-method status="PASS" signature="verifyAppointmentDateWhenDoctorIsOnLeaveOnMidWeek()[pri:5, instance:com.heyprescribe.testcase.EditSlotsTest@6dde5c8c]" name="verifyAppointmentDateWhenDoctorIsOnLeaveOnMidWeek" duration-ms="15511" started-at="2020-11-04T12:42:59Z" finished-at="2020-11-04T12:43:15Z">
          <reporter-output>
          </reporter-output>
        </test-method> <!-- verifyAppointmentDateWhenDoctorIsOnLeaveOnMidWeek -->
        <test-method status="PASS" signature="verifyAppointmentDateWhenDoctorIsOnLeaveOnWeekLastDate()[pri:6, instance:com.heyprescribe.testcase.EditSlotsTest@6dde5c8c]" name="verifyAppointmentDateWhenDoctorIsOnLeaveOnWeekLastDate" duration-ms="14304" started-at="2020-11-04T12:43:15Z" finished-at="2020-11-04T12:43:29Z">
          <reporter-output>
          </reporter-output>
        </test-method> <!-- verifyAppointmentDateWhenDoctorIsOnLeaveOnWeekLastDate -->
        <test-method status="PASS" signature="afterTest()[pri:0, instance:com.heyprescribe.testcase.EditSlotsTest@6dde5c8c]" name="afterTest" is-config="true" duration-ms="148" started-at="2020-11-04T12:43:29Z" finished-at="2020-11-04T12:43:30Z">
          <reporter-output>
          </reporter-output>
        </test-method> <!-- afterTest -->
      </class> <!-- com.heyprescribe.testcase.EditSlotsTest -->
    </test> <!-- PatientAppoitnment -->
  </suite> <!-- Prescribe -->
</testng-results>
